2023-09-03 13:10:18,613.__main__.INFO ==================================================
2023-09-03 13:10:18,616.__main__.INFO Today is 2023-09-03 at 01:10 PM
2023-09-03 13:10:18,617.__main__.INFO Running on: posix Linux 5.15.112-19404-g55fe7e355056
2023-09-03 13:10:18,618.__main__.INFO Python version:  3.11.4
2023-09-03 13:10:18,619.__main__.INFO Python path: /home/mayfieldbetsy/.cache/activestate/c5b7dbf7/usr
2023-09-03 13:10:18,620.__main__.INFO Working dir: /home/mayfieldbetsy/Documents/datafun-02-functions
2023-09-03 13:10:18,621.__main__.INFO ==================================================
2023-09-03 13:10:18,613.__main__.INFO ==================================================
2023-09-03 13:10:18,616.__main__.INFO Today is 2023-09-03 at 01:10 PM
2023-09-03 13:10:18,617.__main__.INFO Running on: posix Linux 5.15.112-19404-g55fe7e355056
2023-09-03 13:10:18,618.__main__.INFO Python version:  3.11.4
2023-09-03 13:10:18,619.__main__.INFO Python path: /home/mayfieldbetsy/.cache/activestate/c5b7dbf7/usr
2023-09-03 13:10:18,620.__main__.INFO Working dir: /home/mayfieldbetsy/Documents/datafun-02-functions
2023-09-03 13:10:18,621.__main__.INFO ==================================================
2023-09-03 13:10:18,613.__main__.INFO ==================================================
2023-09-03 13:10:18,616.__main__.INFO Today is 2023-09-03 at 01:10 PM
2023-09-03 13:10:18,617.__main__.INFO Running on: posix Linux 5.15.112-19404-g55fe7e355056
2023-09-03 13:10:18,618.__main__.INFO Python version:  3.11.4
2023-09-03 13:10:18,619.__main__.INFO Python path: /home/mayfieldbetsy/.cache/activestate/c5b7dbf7/usr
2023-09-03 13:10:18,620.__main__.INFO Working dir: /home/mayfieldbetsy/Documents/datafun-02-functions
2023-09-03 13:10:18,621.__main__.INFO ==================================================
2023-09-03 13:10:18,613.__main__.INFO ==================================================
2023-09-03 13:10:18,616.__main__.INFO Today is 2023-09-03 at 01:10 PM
2023-09-03 13:10:18,617.__main__.INFO Running on: posix Linux 5.15.112-19404-g55fe7e355056
2023-09-03 13:10:18,618.__main__.INFO Python version:  3.11.4
2023-09-03 13:10:18,619.__main__.INFO Python path: /home/mayfieldbetsy/.cache/activestate/c5b7dbf7/usr
2023-09-03 13:10:18,620.__main__.INFO Working dir: /home/mayfieldbetsy/Documents/datafun-02-functions
2023-09-03 13:10:18,621.__main__.INFO ==================================================
2023-09-03 13:10:18,613.__main__.INFO ==================================================
2023-09-03 13:10:18,616.__main__.INFO Today is 2023-09-03 at 01:10 PM
2023-09-03 13:10:18,617.__main__.INFO Running on: posix Linux 5.15.112-19404-g55fe7e355056
2023-09-03 13:10:18,618.__main__.INFO Python version:  3.11.4
2023-09-03 13:10:18,619.__main__.INFO Python path: /home/mayfieldbetsy/.cache/activestate/c5b7dbf7/usr
2023-09-03 13:10:18,620.__main__.INFO Working dir: /home/mayfieldbetsy/Documents/datafun-02-functions
2023-09-03 13:10:18,621.__main__.INFO ==================================================
